INFO      2023-02-05 19:21:51,391 startBI execute_services 88 PHP-CGI Startd MainThread
INFO      2023-02-05 19:21:54,722 startBI execute_services 96 NGINX Startd MainThread
INFO      2023-02-05 19:21:57,183 tlss_counting run 214 =====  Starting TLSS Counting  ===== tlss
INFO      2023-02-05 19:21:57,184 tlss_counting run 221 [-] Socket Created(TLSS) tlss
INFO      2023-02-05 19:21:57,196 tlss_counting run 225 [-] Socket Bound to port 5000 tlss
INFO      2023-02-05 19:21:58,184 active_counting cancel 296 stopping Active Counting Servce MainThread
INFO      2023-02-05 19:22:00,196 active_counting start 284 starting Active Counting Service MainThread
INFO      2023-02-05 19:22:01,196 active_counting main_function 266 ======== Active Counting, starting 0 ======== Thread-7
INFO      2023-02-05 19:22:01,196 proc_db cancel 318 Stopping processing counting, heatmap, face db Service MainThread
INFO      2023-02-05 19:22:03,200 proc_db start 306 Starting processing counting, heatmap, face db service MainThread
INFO      2023-02-05 19:22:03,709 active_counting searchDeviceToDB 170 browsing devices 6 and info to db succeed Thread-7
INFO      2023-02-05 19:22:04,215 proc_event run 78 Stating Event Push processing event
INFO      2023-02-05 19:22:04,215 proc_event run 85 [-] Socket Created(EVENT PUSH Service) event
INFO      2023-02-05 19:22:04,228 proc_event run 89 [-] Socket Bound to port 5030 event
INFO      2023-02-05 19:22:05,223 face_det cancel 130 Stopping process Face to Age Gender MainThread
INFO      2023-02-05 19:22:05,402 active_counting procActive 178 Setting device time Thread-7
INFO      2023-02-05 19:22:06,830 active_counting setDatetimeToDevice 145 192.168.3.11: Setting datetimezone OK Thread-7
INFO      2023-02-05 19:22:07,229 face_det start 118 Starting Face to Age Gender via transfering FPP server MainThread
INFO      2023-02-05 19:22:08,244 sysdaemon cancel 613 Stopping System Conrtol service MainThread
INFO      2023-02-05 19:22:08,906 db_functions updateSnapshot 148 updating snapshot from mac=001323A00324&brand=CAP&model=IPN3102HD at 2023-02-05 19:22:08 to DB Thread-7
INFO      2023-02-05 19:22:08,937 db_functions updateSnapshot 168 mac=001323A00324&brand=CAP&model=IPN3102HD: snapshot updated Thread-7
INFO      2023-02-05 19:22:09,753 active_counting setDatetimeToDevice 145 192.168.3.12: Setting datetimezone OK Thread-7
INFO      2023-02-05 19:22:10,761 db_functions updateSnapshot 148 updating snapshot from mac=001323A00326&brand=CAP&model=IPN3102HD at 2023-02-05 19:22:10 to DB Thread-7
INFO      2023-02-05 19:22:10,793 db_functions updateSnapshot 168 mac=001323A00326&brand=CAP&model=IPN3102HD: snapshot updated Thread-7
INFO      2023-02-05 19:22:13,262 sysdaemon start 600 Starting System Conrtol service as Auto update, reportting, Auto Backup MainThread
INFO      2023-02-05 19:22:15,065 active_counting setDatetimeToDevice 145 192.168.3.10: Setting datetimezone OK Thread-7
INFO      2023-02-05 19:22:18,335 db_functions updateSnapshot 148 updating snapshot from mac=001323A00CDC&brand=CAP&model=IPX3702HD at 2023-02-05 19:22:18 to DB Thread-7
INFO      2023-02-05 19:22:18,353 db_functions updateSnapshot 168 mac=001323A00CDC&brand=CAP&model=IPX3702HD: snapshot updated Thread-7
INFO      2023-02-05 19:22:19,254 active_counting setDatetimeToDevice 145 192.168.3.31: Setting datetimezone OK Thread-7
INFO      2023-02-05 19:22:20,249 db_functions updateSnapshot 148 updating snapshot from mac=001323A0031F&brand=SEJIN TECH LTD.&model=SC6102HD at 2023-02-05 19:22:20 to DB Thread-7
INFO      2023-02-05 19:22:20,289 db_functions updateSnapshot 168 mac=001323A0031F&brand=SEJIN TECH LTD.&model=SC6102HD: snapshot updated Thread-7
INFO      2023-02-05 19:22:21,105 active_counting setDatetimeToDevice 145 192.168.3.15: Setting datetimezone OK Thread-7
INFO      2023-02-05 19:22:22,079 db_functions updateSnapshot 148 updating snapshot from mac=00132308944E&brand=CAP&model=IPN2102HD at 2023-02-05 19:22:22 to DB Thread-7
INFO      2023-02-05 19:22:22,186 db_functions updateSnapshot 168 mac=00132308944E&brand=CAP&model=IPN2102HD: snapshot updated Thread-7
INFO      2023-02-05 19:22:22,871 active_counting setDatetimeToDevice 145 192.168.3.13: Setting datetimezone OK Thread-7
INFO      2023-02-05 19:22:23,656 db_functions updateSnapshot 148 updating snapshot from mac=001323A00322&brand=CAP&model=IPN3502HDIR at 2023-02-05 19:22:23 to DB Thread-7
INFO      2023-02-05 19:22:23,692 db_functions updateSnapshot 168 mac=001323A00322&brand=CAP&model=IPN3502HDIR: snapshot updated Thread-7
INFO      2023-02-05 19:22:23,899 active_counting main_function 277 Online 6, elaspe time: 22, need 278 sec sleep Thread-7
INFO      2023-02-05 19:23:10,344 active_counting cancel 296 stopping Active Counting Servce Thread-39
INFO      2023-02-05 19:23:10,344 face_det cancel 130 Stopping process Face to Age Gender Thread-39
INFO      2023-02-05 19:23:10,345 proc_db cancel 318 Stopping processing counting, heatmap, face db Service Thread-39
INFO      2023-02-05 19:23:10,345 sysdaemon cancel 613 Stopping System Conrtol service Thread-39
